00:37:05: Creating resource group General
00:37:05: Creating resource group Internal
00:37:05: Creating resource group Autodetect
00:37:05: SceneManagerFactory for type 'DefaultSceneManager' registered.
00:37:05: Registering ResourceManager for type Material
00:37:05: Registering ResourceManager for type Mesh
00:37:05: Registering ResourceManager for type Skeleton
00:37:05: MovableObjectFactory for type 'ParticleSystem' registered.
00:37:05: ArchiveFactory for archive type FileSystem registered.
00:37:05: ArchiveFactory for archive type Zip registered.
00:37:05: ArchiveFactory for archive type EmbeddedZip registered.
00:37:05: DDS codec registering
00:37:05: FreeImage version: 3.17.0
00:37:05: This program uses FreeImage, a free, open source image library supporting all common bitmap formats. See http://freeimage.sourceforge.net for details
00:37:05: Supported formats: bmp,ico,jpg,jif,jpeg,jpe,jng,koa,iff,lbm,mng,pbm,pbm,pcd,pcx,pgm,pgm,png,ppm,ppm,ras,tga,targa,tif,tiff,wap,wbmp,wbm,psd,cut,xbm,xpm,gif,hdr,g3,sgi,rgb,rgba,bw,exr,j2k,j2c,jp2,pfm,pct,pict,pic,3fr,arw,bay,bmq,cap,cine,cr2,crw,cs1,dc2,dcr,drf,dsc,dng,erf,fff,ia,iiq,k25,kc2,kdc,mdc,mef,mos,mrw,nef,nrw,orf,pef,ptx,pxn,qtk,raf,raw,rdc,rw2,rwl,rwz,sr2,srf,srw,sti,x3f,webp,jxr,wdp,hdp
00:37:05: PVRTC codec registering
00:37:05: ETC codec registering
00:37:05: Registering ResourceManager for type HighLevelGpuProgram
00:37:05: Registering ResourceManager for type Compositor
00:37:05: MovableObjectFactory for type 'Entity' registered.
00:37:05: MovableObjectFactory for type 'Light' registered.
00:37:05: MovableObjectFactory for type 'BillboardSet' registered.
00:37:05: MovableObjectFactory for type 'ManualObject' registered.
00:37:05: MovableObjectFactory for type 'BillboardChain' registered.
00:37:05: MovableObjectFactory for type 'RibbonTrail' registered.
00:37:05: *-*-* OGRE Initialising
00:37:05: *-*-* Version 1.9.0 (Ghadamon)
00:37:05: OverlayElementFactory for type Panel registered.
00:37:05: OverlayElementFactory for type BorderPanel registered.
00:37:05: OverlayElementFactory for type TextArea registered.
00:37:05: Registering ResourceManager for type Font
00:37:05: Loading library /usr/lib/x86_64-linux-gnu/OGRE-1.9.0/RenderSystem_GL.so
00:37:05: Installing plugin: GL RenderSystem
00:37:05: OpenGL Rendering Subsystem created.
00:37:05: Plugin successfully installed
00:37:05: Loading library /usr/lib/x86_64-linux-gnu/OGRE-1.9.0/Plugin_ParticleFX.so
00:37:05: Installing plugin: ParticleFX
00:37:05: Particle Emitter Type 'Point' registered
00:37:05: Particle Emitter Type 'Box' registered
00:37:05: Particle Emitter Type 'Ellipsoid' registered
00:37:05: Particle Emitter Type 'Cylinder' registered
00:37:05: Particle Emitter Type 'Ring' registered
00:37:05: Particle Emitter Type 'HollowEllipsoid' registered
00:37:05: Particle Affector Type 'LinearForce' registered
00:37:05: Particle Affector Type 'ColourFader' registered
00:37:05: Particle Affector Type 'ColourFader2' registered
00:37:05: Particle Affector Type 'ColourImage' registered
00:37:05: Particle Affector Type 'ColourInterpolator' registered
00:37:05: Particle Affector Type 'Scaler' registered
00:37:05: Particle Affector Type 'Rotator' registered
00:37:05: Particle Affector Type 'DirectionRandomiser' registered
00:37:05: Particle Affector Type 'DeflectorPlane' registered
00:37:05: Plugin successfully installed
00:37:05: Loading library /usr/lib/x86_64-linux-gnu/OGRE-1.9.0/Plugin_BSPSceneManager.so
00:37:05: Installing plugin: BSP Scene Manager
00:37:05: Plugin successfully installed
00:37:05: Loading library /usr/lib/x86_64-linux-gnu/OGRE-1.9.0/Plugin_OctreeSceneManager.so
00:37:05: Installing plugin: Octree Scene Manager
00:37:05: Plugin successfully installed
00:37:05: CPU Identifier & Features
00:37:05: -------------------------
00:37:05:  *   CPU ID: GenuineIntel: Intel(R) Core(TM) i7-8750H CPU @ 2.20GHz
00:37:05:  *      SSE: yes
00:37:05:  *     SSE2: yes
00:37:05:  *     SSE3: yes
00:37:05:  *      MMX: yes
00:37:05:  *   MMXEXT: yes
00:37:05:  *    3DNOW: no
00:37:05:  * 3DNOWEXT: no
00:37:05:  *     CMOV: yes
00:37:05:  *      TSC: yes
00:37:05:  *      FPU: yes
00:37:05:  *      PRO: yes
00:37:05:  *       HT: no
00:37:05: -------------------------
00:37:05: ******************************
*** Starting GLX Subsystem ***
******************************
00:37:05: Registering ResourceManager for type Texture
00:37:05: Added resource location '/usr/share/gazebo-9/' of type 'FileSystem' to resource group 'General'
00:37:05: Added resource location '/usr/share/gazebo-9/media' of type 'FileSystem' to resource group 'General'
00:37:05: Creating resource group SkyX
00:37:05: Added resource location '/usr/share/gazebo-9/media/skyx' of type 'FileSystem' to resource group 'SkyX'
00:37:05: Added resource location '/usr/share/gazebo-9/media/rtshaderlib150' of type 'FileSystem' to resource group 'General'
00:37:05: Added resource location '/usr/share/gazebo-9/media/rtshaderlib' of type 'FileSystem' to resource group 'General'
00:37:05: Added resource location '/usr/share/gazebo-9/media/materials/programs' of type 'FileSystem' to resource group 'General'
00:37:05: Added resource location '/usr/share/gazebo-9/media/materials/scripts' of type 'FileSystem' to resource group 'General'
00:37:05: Added resource location '/usr/share/gazebo-9/media/materials/textures' of type 'FileSystem' to resource group 'General'
00:37:05: Added resource location '/usr/share/gazebo-9/media/media/models' of type 'FileSystem' to resource group 'General'
00:37:05: Creating resource group Fonts
00:37:05: Added resource location '/usr/share/gazebo-9/media/fonts' of type 'FileSystem' to resource group 'Fonts'
00:37:05: Creating resource group LookNFeel
00:37:05: Added resource location '/usr/share/gazebo-9/media/gui/looknfeel' of type 'FileSystem' to resource group 'LookNFeel'
00:37:05: Creating resource group Schemes
00:37:05: Added resource location '/usr/share/gazebo-9/media/gui/schemes' of type 'FileSystem' to resource group 'Schemes'
00:37:05: Creating resource group Imagesets
00:37:05: Added resource location '/usr/share/gazebo-9/media/gui/imagesets' of type 'FileSystem' to resource group 'Imagesets'
00:37:05: Added resource location '/usr/share/gazebo-9/media/gui/fonts' of type 'FileSystem' to resource group 'Fonts'
00:37:05: Creating resource group Layouts
00:37:05: Added resource location '/usr/share/gazebo-9/media/gui/layouts' of type 'FileSystem' to resource group 'Layouts'
00:37:05: Creating resource group Animations
00:37:05: Added resource location '/usr/share/gazebo-9/media/gui/animations' of type 'FileSystem' to resource group 'Animations'
00:37:05: Added resource location '/opt/ros/melodic/share/gazebo_plugins/' of type 'FileSystem' to resource group 'General'
00:37:05: Added resource location '/opt/ros/melodic/share/gazebo_plugins/media' of type 'FileSystem' to resource group 'General'
00:37:05: Added resource location '/opt/ros/melodic/share/gazebo_plugins/media/skyx' of type 'FileSystem' to resource group 'SkyX'
00:37:05: Added resource location '/opt/ros/melodic/share/gazebo_plugins/media/rtshaderlib150' of type 'FileSystem' to resource group 'General'
00:37:05: Added resource location '/opt/ros/melodic/share/gazebo_plugins/media/rtshaderlib' of type 'FileSystem' to resource group 'General'
00:37:05: Added resource location '/opt/ros/melodic/share/gazebo_plugins/media/materials/programs' of type 'FileSystem' to resource group 'General'
00:37:05: Added resource location '/opt/ros/melodic/share/gazebo_plugins/media/materials/scripts' of type 'FileSystem' to resource group 'General'
00:37:05: Added resource location '/opt/ros/melodic/share/gazebo_plugins/media/materials/textures' of type 'FileSystem' to resource group 'General'
00:37:05: Added resource location '/opt/ros/melodic/share/gazebo_plugins/media/media/models' of type 'FileSystem' to resource group 'General'
00:37:05: Added resource location '/opt/ros/melodic/share/gazebo_plugins/media/fonts' of type 'FileSystem' to resource group 'Fonts'
00:37:05: Added resource location '/opt/ros/melodic/share/gazebo_plugins/media/gui/looknfeel' of type 'FileSystem' to resource group 'LookNFeel'
00:37:05: Added resource location '/opt/ros/melodic/share/gazebo_plugins/media/gui/schemes' of type 'FileSystem' to resource group 'Schemes'
00:37:05: Added resource location '/opt/ros/melodic/share/gazebo_plugins/media/gui/imagesets' of type 'FileSystem' to resource group 'Imagesets'
00:37:05: Added resource location '/opt/ros/melodic/share/gazebo_plugins/media/gui/fonts' of type 'FileSystem' to resource group 'Fonts'
00:37:05: Added resource location '/opt/ros/melodic/share/gazebo_plugins/media/gui/layouts' of type 'FileSystem' to resource group 'Layouts'
00:37:05: Added resource location '/opt/ros/melodic/share/gazebo_plugins/media/gui/animations' of type 'FileSystem' to resource group 'Animations'
00:37:05: GLRenderSystem::_createRenderWindow "OgreWindow(0)", 1x1 windowed  miscParams: FSAA=4 border=none contentScalingFactor=1.000000 macAPI=cocoa macAPICocoaUseNSView=true parentWindowHandle=71303169 stereoMode=Frame Sequential 
00:37:05: GLXWindow::create used FBConfigID = 209
00:37:05: GL_VERSION = 4.6.0 NVIDIA 450.142.00
00:37:05: GL_VENDOR = NVIDIA Corporation
00:37:05: GL_RENDERER = GeForce GTX 1050 Ti/PCIe/SSE2
00:37:05: GL_EXTENSIONS = GL_AMD_multi_draw_indirect GL_AMD_seamless_cubemap_per_texture GL_AMD_vertex_shader_viewport_index GL_AMD_vertex_shader_layer GL_ARB_arrays_of_arrays GL_ARB_base_instance GL_ARB_bindless_texture GL_ARB_blend_func_extended GL_ARB_buffer_storage GL_ARB_clear_buffer_object GL_ARB_clear_texture GL_ARB_clip_control GL_ARB_color_buffer_float GL_ARB_compatibility GL_ARB_compressed_texture_pixel_storage GL_ARB_conservative_depth GL_ARB_compute_shader GL_ARB_compute_variable_group_size GL_ARB_conditional_render_inverted GL_ARB_copy_buffer GL_ARB_copy_image GL_ARB_cull_distance GL_ARB_debug_output GL_ARB_depth_buffer_float GL_ARB_depth_clamp GL_ARB_depth_texture GL_ARB_derivative_control GL_ARB_direct_state_access GL_ARB_draw_buffers GL_ARB_draw_buffers_blend GL_ARB_draw_indirect GL_ARB_draw_elements_base_vertex GL_ARB_draw_instanced GL_ARB_enhanced_layouts GL_ARB_ES2_compatibility GL_ARB_ES3_compatibility GL_ARB_ES3_1_compatibility GL_ARB_ES3_2_compatibility GL_ARB_explicit_attrib_location GL_ARB_explicit_uniform_location GL_ARB_fragment_coord_conventions GL_ARB_fragment_layer_viewport GL_ARB_fragment_program GL_ARB_fragment_program_shadow GL_ARB_fragment_shader GL_ARB_fragment_shader_interlock GL_ARB_framebuffer_no_attachments GL_ARB_framebuffer_object GL_ARB_framebuffer_sRGB GL_ARB_geometry_shader4 GL_ARB_get_program_binary GL_ARB_get_texture_sub_image GL_ARB_gl_spirv GL_ARB_gpu_shader5 GL_ARB_gpu_shader_fp64 GL_ARB_gpu_shader_int64 GL_ARB_half_float_pixel GL_ARB_half_float_vertex GL_ARB_imaging GL_ARB_indirect_parameters GL_ARB_instanced_arrays GL_ARB_internalformat_query GL_ARB_internalformat_query2 GL_ARB_invalidate_subdata GL_ARB_map_buffer_alignment GL_ARB_map_buffer_range GL_ARB_multi_bind GL_ARB_multi_draw_indirect GL_ARB_multisample GL_ARB_multitexture GL_ARB_occlusion_query GL_ARB_occlusion_query2 GL_ARB_parallel_shader_compile GL_ARB_pipeline_statistics_query GL_ARB_pixel_buffer_object GL_ARB_point_parameters GL_ARB_point_sprite GL_ARB_polygon_offset_clamp GL_ARB_post_depth_coverage GL_ARB_program_interface_query GL_ARB_provoking_vertex GL_ARB_query_buffer_object GL_ARB_robust_buffer_access_behavior GL_ARB_robustness GL_ARB_sample_locations GL_ARB_sample_shading GL_ARB_sampler_objects GL_ARB_seamless_cube_map GL_ARB_seamless_cubemap_per_texture GL_ARB_separate_shader_objects GL_ARB_shader_atomic_counter_ops GL_ARB_shader_atomic_counters GL_ARB_shader_ballot GL_ARB_shader_bit_encoding GL_ARB_shader_clock GL_ARB_shader_draw_parameters GL_ARB_shader_group_vote GL_ARB_shader_image_load_store GL_ARB_shader_image_size GL_ARB_shader_objects GL_ARB_shader_precision GL_ARB_shader_storage_buffer_object GL_ARB_shader_subroutine GL_ARB_shader_texture_image_samples GL_ARB_shader_texture_lod GL_ARB_shading_language_100 GL_ARB_shader_viewport_layer_array GL_ARB_shading_language_420pack GL_ARB_shading_language_include GL_ARB_shading_language_packing GL_ARB_shadow GL_ARB_sparse_buffer GL_ARB_sparse_texture GL_ARB_sparse_texture2 GL_ARB_sparse_texture_clamp GL_ARB_spirv_extensions GL_ARB_stencil_texturing GL_ARB_sync GL_ARB_tessellation_shader GL_ARB_texture_barrier GL_ARB_texture_border_clamp GL_ARB_texture_buffer_object GL_ARB_texture_buffer_object_rgb32 GL_ARB_texture_buffer_range GL_ARB_texture_compression GL_ARB_texture_compression_bptc GL_ARB_texture_compression_rgtc GL_ARB_texture_cube_map GL_ARB_texture_cube_map_array GL_ARB_texture_env_add GL_ARB_texture_env_combine GL_ARB_texture_env_crossbar GL_ARB_texture_env_dot3 GL_ARB_texture_filter_anisotropic GL_ARB_texture_filter_minmax GL_ARB_texture_float GL_ARB_texture_gather GL_ARB_texture_mirror_clamp_to_edge GL_ARB_texture_mirrored_repeat GL_ARB_texture_multisample GL_ARB_texture_non_power_of_two GL_ARB_texture_query_levels GL_ARB_texture_query_lod GL_ARB_texture_rectangle GL_ARB_texture_rg GL_ARB_texture_rgb10_a2ui GL_ARB_texture_stencil8 GL_ARB_texture_storage GL_ARB_texture_storage_multisample GL_ARB_texture_swizzle GL_ARB_texture_view GL_ARB_timer_query GL_ARB_transform_feedback2 GL_ARB_transform_feedback3 GL_ARB_transform_feedback_instanced GL_ARB_transform_feedback_overflow_query GL_ARB_transpose_matrix GL_ARB_uniform_buffer_object GL_ARB_vertex_array_bgra GL_ARB_vertex_array_object GL_ARB_vertex_attrib_64bit GL_ARB_vertex_attrib_binding GL_ARB_vertex_buffer_object GL_ARB_vertex_program GL_ARB_vertex_shader GL_ARB_vertex_type_10f_11f_11f_rev GL_ARB_vertex_type_2_10_10_10_rev GL_ARB_viewport_array GL_ARB_window_pos GL_ATI_draw_buffers GL_ATI_texture_float GL_ATI_texture_mirror_once GL_S3_s3tc GL_EXT_texture_env_add GL_EXT_abgr GL_EXT_bgra GL_EXT_bindable_uniform GL_EXT_blend_color GL_EXT_blend_equation_separate GL_EXT_blend_func_separate GL_EXT_blend_minmax GL_EXT_blend_subtract GL_EXT_compiled_vertex_array GL_EXT_Cg_shader GL_EXT_depth_bounds_test GL_EXT_direct_state_access GL_EXT_draw_buffers2 GL_EXT_draw_instanced GL_EXT_draw_range_elements GL_EXT_fog_coord GL_EXT_framebuffer_blit GL_EXT_framebuffer_multisample GL_EXTX_framebuffer_mixed_formats GL_EXT_framebuffer_multisample_blit_scaled GL_EXT_framebuffer_object GL_EXT_framebuffer_sRGB GL_EXT_geometry_shader4 GL_EXT_gpu_program_parameters GL_EXT_gpu_shader4 GL_EXT_multi_draw_arrays GL_EXT_multiview_texture_multisample GL_EXT_multiview_timer_query GL_EXT_packed_depth_stencil GL_EXT_packed_float GL_EXT_packed_pixels GL_EXT_pixel_buffer_object GL_EXT_point_parameters GL_EXT_polygon_offset_clamp GL_EXT_post_depth_coverage GL_EXT_provoking_vertex GL_EXT_raster_multisample GL_EXT_rescale_normal GL_EXT_secondary_color GL_EXT_separate_shader_objects GL_EXT_separate_specular_color GL_EXT_shader_image_load_formatted GL_EXT_shader_image_load_store GL_EXT_shader_integer_mix GL_EXT_shadow_funcs GL_EXT_sparse_texture2 GL_EXT_stencil_two_side GL_EXT_stencil_wrap GL_EXT_texture3D GL_EXT_texture_array GL_EXT_texture_buffer_object GL_EXT_texture_compression_dxt1 GL_EXT_texture_compression_latc GL_EXT_texture_compression_rgtc GL_EXT_texture_compression_s3tc GL_EXT_texture_cube_map GL_EXT_texture_edge_clamp GL_EXT_texture_env_combine GL_EXT_texture_env_dot3 GL_EXT_texture_filter_anisotropic GL_EXT_texture_filter_minmax GL_EXT_texture_integer GL_EXT_texture_lod GL_EXT_texture_lod_bias GL_EXT_texture_mirror_clamp GL_EXT_texture_object GL_EXT_texture_shadow_lod GL_EXT_texture_shared_exponent GL_EXT_texture_sRGB GL_EXT_texture_sRGB_R8 GL_EXT_texture_sRGB_decode GL_EXT_texture_storage GL_EXT_texture_swizzle GL_EXT_timer_query GL_EXT_transform_feedback2 GL_EXT_vertex_array GL_EXT_vertex_array_bgra GL_EXT_vertex_attrib_64bit GL_EXT_window_rectangles GL_EXT_x11_sync_object GL_EXT_import_sync_object GL_NV_robustness_video_memory_purge GL_IBM_rasterpos_clip GL_IBM_texture_mirrored_repeat GL_KHR_context_flush_control GL_KHR_debug GL_EXT_memory_object GL_EXT_memory_object_fd GL_KHR_parallel_shader_compile GL_KHR_no_error GL_KHR_robust_buffer_access_behavior GL_KHR_robustness GL_EXT_semaphore GL_EXT_semaphore_fd GL_KHR_shader_subgroup GL_KTX_buffer_region GL_NV_alpha_to_coverage_dither_control GL_NV_bindless_multi_draw_indirect GL_NV_bindless_multi_draw_indirect_count GL_NV_bindless_texture GL_NV_blend_equation_advanced GL_NV_blend_equation_advanced_coherent GL_NVX_blend_equation_advanced_multi_draw_buffers GL_NV_blend_minmax_factor GL_NV_blend_square GL_NV_clip_space_w_scaling GL_NV_command_list GL_NV_compute_program5 GL_NV_conditional_render GL_NV_conservative_raster GL_NV_conservative_raster_dilate GL_NV_conservative_raster_pre_snap_triangles GL_NV_copy_depth_to_color GL_NV_copy_image GL_NV_depth_buffer_float GL_NV_depth_clamp GL_NV_draw_texture GL_NV_draw_vulkan_image GL_NV_ES1_1_compatibility GL_NV_ES3_1_compatibility GL_NV_explicit_multisample GL_NV_feature_query GL_NV_fence GL_NV_fill_rectangle GL_NV_float_buffer GL_NV_fog_distance GL_NV_fragment_coverage_to_color GL_NV_fragment_program GL_NV_fragment_program_option GL_NV_fragment_program2 GL_NV_fragment_shader_interlock GL_NV_framebuffer_mixed_samples GL_NV_framebuffer_multisample_coverage GL_NV_geometry_shader4 GL_NV_geometry_shader_passthrough GL_NV_gpu_program4 GL_NV_internalformat_sample_query GL_NV_gpu_program4_1 GL_NV_gpu_program5 GL_NV_gpu_program5_mem_extended GL_NV_gpu_program_fp64 GL_NV_gpu_shader5 GL_NV_half_float GL_NV_light_max_exponent GL_NV_memory_attachment GL_NV_multisample_coverage GL_NV_multisample_filter_hint GL_NV_occlusion_query GL_NV_packed_depth_stencil GL_NV_parameter_buffer_object GL_NV_parameter_buffer_object2 GL_NV_path_rendering GL_NV_path_rendering_shared_edge GL_NV_pixel_data_range GL_NV_point_sprite GL_NV_primitive_restart GL_NV_query_resource GL_NV_query_resource_tag GL_NV_register_combiners GL_NV_register_combiners2 GL_NV_sample_locations GL_NV_sample_mask_override_coverage GL_NV_shader_atomic_counters GL_NV_shader_atomic_float GL_NV_shader_atomic_float64 GL_NV_shader_atomic_fp16_vector GL_NV_shader_atomic_int64 GL_NV_shader_buffer_load GL_NV_shader_storage_buffer_object GL_NV_shader_subgroup_partitioned GL_NV_stereo_view_rendering GL_NV_texgen_reflection GL_NV_texture_barrier GL_NV_texture_compression_vtc GL_NV_texture_env_combine4 GL_NV_texture_multisample GL_NV_texture_rectangle GL_NV_texture_rectangle_compressed GL_NV_texture_shader GL_NV_texture_shader2 GL_NV_texture_shader3 GL_NV_transform_feedback GL_NV_transform_feedback2 GL_NV_uniform_buffer_unified_memory GL_NV_vdpau_interop GL_NV_vdpau_interop2 GL_NV_vertex_array_range GL_NV_vertex_array_range2 GL_NV_vertex_attrib_integer_64bit GL_NV_vertex_buffer_unified_memory GL_NV_vertex_program GL_NV_vertex_program1_1 GL_NV_vertex_program2 GL_NV_vertex_program2_option GL_NV_vertex_program3 GL_NV_viewport_array2 GL_NV_viewport_swizzle GL_NVX_conditional_render GL_NV_gpu_multicast GL_NVX_progress_fence GL_NVX_gpu_memory_info GL_NVX_nvenc_interop GL_NV_shader_thread_group GL_NV_shader_thread_shuffle GL_KHR_blend_equation_advanced GL_KHR_blend_equation_advanced_coherent GL_OVR_multiview GL_OVR_multiview2 GL_SGIS_generate_mipmap GL_SGIS_texture_lod GL_SGIX_depth_texture GL_SGIX_shadow GL_SUN_slice_accum 
00:37:05: Supported GLX extensions: GLX_EXT_visual_info GLX_EXT_visual_rating GLX_EXT_import_context GLX_SGIX_fbconfig GLX_SGIX_pbuffer GLX_SGI_video_sync GLX_SGI_swap_control GLX_EXT_swap_control GLX_EXT_swap_control_tear GLX_EXT_texture_from_pixmap GLX_EXT_buffer_age GLX_ARB_create_context GLX_ARB_create_context_profile GLX_EXT_create_context_es_profile GLX_EXT_create_context_es2_profile GLX_ARB_create_context_no_error GLX_ARB_create_context_robustness GLX_NV_delay_before_swap GLX_EXT_stereo_tree GLX_ARB_context_flush_control GLX_NV_robustness_video_memory_purge GLX_NV_multigpu_context GLX_ARB_multisample GLX_NV_float_buffer GLX_ARB_fbconfig_float GLX_EXT_framebuffer_sRGB GLX_NV_copy_image GLX_ARB_get_proc_address 
00:37:05: ***************************
00:37:05: *** GL Renderer Started ***
00:37:05: ***************************
00:37:05: Registering ResourceManager for type GpuProgram
00:37:05: GLSL support detected
00:37:05: GL: Using GL_EXT_framebuffer_object for rendering to textures (best)
00:37:05: FBO PF_UNKNOWN depth/stencil support: D0S8 D16S0 D24S0 D32S0 Packed-D24S8 
00:37:05: FBO PF_L8 depth/stencil support: D0S0 D0S8 D16S0 D24S0 D32S0 Packed-D24S8 
00:37:05: FBO PF_A8 depth/stencil support: D0S0 D0S8 D16S0 D24S0 D32S0 Packed-D24S8 
00:37:05: FBO PF_A4L4 depth/stencil support: D0S0 D0S8 D16S0 D24S0 D32S0 Packed-D24S8 
00:37:05: FBO PF_BYTE_LA depth/stencil support: D0S0 D0S8 D16S0 D24S0 D32S0 Packed-D24S8 
00:37:05: FBO PF_R5G6B5 depth/stencil support: D0S0 D0S8 D16S0 D24S0 D32S0 Packed-D24S8 
00:37:05: FBO PF_B5G6R5 depth/stencil support: D0S0 D0S8 D16S0 D24S0 D32S0 Packed-D24S8 
00:37:05: FBO PF_A4R4G4B4 depth/stencil support: D0S0 D0S8 D16S0 D24S0 D32S0 Packed-D24S8 
00:37:05: FBO PF_A1R5G5B5 depth/stencil support: D0S0 D0S8 D16S0 D24S0 D32S0 Packed-D24S8 
00:37:05: FBO PF_R8G8B8 depth/stencil support: D0S0 D0S8 D16S0 D24S0 D32S0 Packed-D24S8 
00:37:05: FBO PF_B8G8R8 depth/stencil support: D0S0 D0S8 D16S0 D24S0 D32S0 Packed-D24S8 
00:37:05: FBO PF_A8R8G8B8 depth/stencil support: D0S0 D0S8 D16S0 D24S0 D32S0 Packed-D24S8 
00:37:05: FBO PF_B8G8R8A8 depth/stencil support: D0S0 D0S8 D16S0 D24S0 D32S0 Packed-D24S8 
00:37:05: FBO PF_A2R10G10B10 depth/stencil support: D0S0 D0S8 D16S0 D24S0 D32S0 Packed-D24S8 
00:37:05: FBO PF_A2B10G10R10 depth/stencil support: D0S0 D0S8 D16S0 D24S0 D32S0 Packed-D24S8 
00:37:05: FBO PF_FLOAT16_RGB depth/stencil support: D0S0 D0S8 D16S0 D24S0 D32S0 Packed-D24S8 
00:37:05: FBO PF_FLOAT16_RGBA depth/stencil support: D0S0 D0S8 D16S0 D24S0 D32S0 Packed-D24S8 
00:37:05: FBO PF_FLOAT32_RGB depth/stencil support: D0S0 D0S8 D16S0 D24S0 D32S0 Packed-D24S8 
00:37:05: FBO PF_FLOAT32_RGBA depth/stencil support: D0S0 D0S8 D16S0 D24S0 D32S0 Packed-D24S8 
00:37:05: FBO PF_X8R8G8B8 depth/stencil support: D0S0 D0S8 D16S0 D24S0 D32S0 Packed-D24S8 
00:37:05: FBO PF_X8B8G8R8 depth/stencil support: D0S0 D0S8 D16S0 D24S0 D32S0 Packed-D24S8 
00:37:05: FBO PF_SHORT_RGBA depth/stencil support: D0S0 D0S8 D16S0 D24S0 D32S0 Packed-D24S8 
00:37:05: FBO PF_R3G3B2 depth/stencil support: D0S0 D0S8 D16S0 D24S0 D32S0 Packed-D24S8 
00:37:05: FBO PF_FLOAT16_R depth/stencil support: D0S0 D0S8 D16S0 D24S0 D32S0 Packed-D24S8 
00:37:05: FBO PF_FLOAT32_R depth/stencil support: D0S0 D0S8 D16S0 D24S0 D32S0 Packed-D24S8 
00:37:05: FBO PF_FLOAT16_GR depth/stencil support: D0S0 D0S8 D16S0 D24S0 D32S0 Packed-D24S8 
00:37:05: FBO PF_FLOAT32_GR depth/stencil support: D0S0 D0S8 D16S0 D24S0 D32S0 Packed-D24S8 
00:37:05: FBO PF_SHORT_RGB depth/stencil support: D0S0 D0S8 D16S0 D24S0 D32S0 Packed-D24S8 
00:37:05: [GL] : Valid FBO targets PF_UNKNOWN PF_L8 PF_A8 PF_A4L4 PF_BYTE_LA PF_R5G6B5 PF_B5G6R5 PF_A4R4G4B4 PF_A1R5G5B5 PF_R8G8B8 PF_B8G8R8 PF_A8R8G8B8 PF_B8G8R8A8 PF_A2R10G10B10 PF_A2B10G10R10 PF_FLOAT16_RGB PF_FLOAT16_RGBA PF_FLOAT32_RGB PF_FLOAT32_RGBA PF_X8R8G8B8 PF_X8B8G8R8 PF_SHORT_RGBA PF_R3G3B2 PF_FLOAT16_R PF_FLOAT32_R PF_FLOAT16_GR PF_FLOAT32_GR PF_SHORT_RGB 
00:37:05: RenderSystem capabilities
00:37:05: -------------------------
00:37:05: RenderSystem Name: OpenGL Rendering Subsystem
00:37:05: GPU Vendor: nvidia
00:37:05: Device Name: GeForce GTX 1050 Ti/PCIe/SSE2
00:37:05: Driver Version: 4.6.0.0
00:37:05:  * Fixed function pipeline: yes
00:37:05:  * Hardware generation of mipmaps: yes
00:37:05:  * Texture blending: yes
00:37:05:  * Anisotropic texture filtering: yes
00:37:05:  * Dot product texture operation: yes
00:37:05:  * Cube mapping: yes
00:37:05:  * Hardware stencil buffer: yes
00:37:05:    - Stencil depth: 8
00:37:05:    - Two sided stencil support: yes
00:37:05:    - Wrap stencil values: yes
00:37:05:  * Hardware vertex / index buffers: yes
00:37:05:  * Vertex programs: yes
00:37:05:  * Number of floating-point constants for vertex programs: 1024
00:37:05:  * Number of integer constants for vertex programs: 0
00:37:05:  * Number of boolean constants for vertex programs: 0
00:37:05:  * Fragment programs: yes
00:37:05:  * Number of floating-point constants for fragment programs: 1024
00:37:05:  * Number of integer constants for fragment programs: 0
00:37:05:  * Number of boolean constants for fragment programs: 0
00:37:05:  * Geometry programs: yes
00:37:05:  * Number of floating-point constants for geometry programs: 2048
00:37:05:  * Number of integer constants for geometry programs: 0
00:37:05:  * Number of boolean constants for geometry programs: 0
00:37:05:  * Tesselation Hull programs: no
00:37:05:  * Number of floating-point constants for tesselation hull programs: 0
00:37:05:  * Number of integer constants for tesselation hull programs: 0
00:37:05:  * Number of boolean constants for tesselation hull programs: 0
00:37:05:  * Tesselation Domain programs: no
00:37:05:  * Number of floating-point constants for tesselation domain programs: 0
00:37:05:  * Number of integer constants for tesselation domain programs: 0
00:37:05:  * Number of boolean constants for tesselation domain programs: 0
00:37:05:  * Compute programs: no
00:37:05:  * Number of floating-point constants for compute programs: 0
00:37:05:  * Number of integer constants for compute programs: 0
00:37:05:  * Number of boolean constants for compute programs: 0
00:37:05:  * Supported Shader Profiles: arbfp1 arbvp1 fp20 fp30 fp40 glsl gp4fp gp4gp gp4vp gpu_fp gpu_gp gpu_vp nvgp4 vp30 vp40
00:37:05:  * Texture Compression: yes
00:37:05:    - DXT: yes
00:37:05:    - VTC: yes
00:37:05:    - PVRTC: no
00:37:05:    - ATC: no
00:37:05:    - ETC1: no
00:37:05:    - ETC2: no
00:37:05:    - BC4/BC5: no
00:37:05:    - BC6H/BC7: no
00:37:05:  * Scissor Rectangle: yes
00:37:05:  * Hardware Occlusion Query: yes
00:37:05:  * User clip planes: yes
00:37:05:  * VET_UBYTE4 vertex element type: yes
00:37:05:  * Infinite far plane projection: yes
00:37:05:  * Hardware render-to-texture: yes
00:37:05:  * Floating point textures: yes
00:37:05:  * Non-power-of-two textures: yes
00:37:05:  * 1d textures: yes
00:37:05:  * Volume textures: yes
00:37:05:  * Multiple Render Targets: 8
00:37:05:    - With different bit depths: yes
00:37:05:  * Point Sprites: yes
00:37:05:  * Extended point parameters: yes
00:37:05:  * Max Point Size: 2047
00:37:05:  * Vertex texture fetch: yes
00:37:05:  * Number of world matrices: 0
00:37:05:  * Number of texture units: 16
00:37:05:  * Stencil buffer depth: 8
00:37:05:  * Number of vertex blend matrices: 0
00:37:05:    - Max vertex textures: 32
00:37:05:    - Vertex textures shared: yes
00:37:05:  * Render to Vertex Buffer : yes
00:37:05:  * Hardware Atomic Counters: no
00:37:05:  * GL 1.5 without VBO workaround: no
00:37:05:  * Frame Buffer objects: yes
00:37:05:  * Frame Buffer objects (ARB extension): no
00:37:05:  * Frame Buffer objects (ATI extension): no
00:37:05:  * PBuffer support: yes
00:37:05:  * GL 1.5 without HW-occlusion workaround: no
00:37:05:  * Vertex Array Objects: no
00:37:05:  * Separate shader objects: no
00:37:05: Using FSAA from GL_ARB_multisample extension.
00:37:05: DefaultWorkQueue('Root') initialising on thread 7f3e198d3a00.
00:37:05: DefaultWorkQueue('Root')::WorkerFunc - thread 7f3d4cb57700 starting.
00:37:05: DefaultWorkQueue('Root')::WorkerFunc - thread 7f3d47fff700 starting.
00:37:05: DefaultWorkQueue('Root')::WorkerFunc - thread 7f3d477fe700 starting.
00:37:05: DefaultWorkQueue('Root')::WorkerFunc - thread 7f3d467fc700 starting.
00:37:05: DefaultWorkQueue('Root')::WorkerFunc - thread 7f3d46ffd700 starting.
00:37:05: DefaultWorkQueue('Root')::WorkerFunc - thread 7f3d44ff9700 starting.
00:37:05: DefaultWorkQueue('Root')::WorkerFunc - thread 7f3d45ffb700 starting.
00:37:05: DefaultWorkQueue('Root')::WorkerFunc - thread 7f3d27fff700 starting.
00:37:05: DefaultWorkQueue('Root')::WorkerFunc - thread 7f3d457fa700 starting.
00:37:05: DefaultWorkQueue('Root')::WorkerFunc - thread 7f3d2ffff700 starting.
00:37:05: DefaultWorkQueue('Root')::WorkerFunc - thread 7f3d2effd700 starting.
00:37:05: Particle Renderer Type 'billboard' registered
00:37:05: DefaultWorkQueue('Root')::WorkerFunc - thread 7f3d2f7fe700 starting.
00:37:05: SceneManagerFactory for type 'BspSceneManager' registered.
00:37:05: Registering ResourceManager for type BspLevel
00:37:05: SceneManagerFactory for type 'OctreeSceneManager' registered.
00:37:05: Parsing scripts for resource group Animations
00:37:05: Finished parsing scripts for resource group Animations
00:37:05: Creating resources for group Animations
00:37:05: All done
00:37:05: Parsing scripts for resource group Autodetect
00:37:05: Finished parsing scripts for resource group Autodetect
00:37:05: Creating resources for group Autodetect
00:37:05: All done
00:37:05: Parsing scripts for resource group Fonts
00:37:05: Parsing script Gazebo.fontdef
00:37:05: Finished parsing scripts for resource group Fonts
00:37:05: Creating resources for group Fonts
00:37:05: All done
00:37:05: Parsing scripts for resource group General
00:37:05: Parsing script VPL.program
00:37:05: Parsing script shadow_caster.program
00:37:05: Parsing script deferred_post.program
00:37:05: Parsing script ShadowCaster.program
00:37:05: Parsing script perpixel.program
00:37:05: Parsing script ShadowCaster.material
00:37:05: Parsing script blur.material
00:37:05: Parsing script grid.material
00:37:05: Parsing script kitchen.material
00:37:05: Parsing script gazebo.material
00:37:05: Parsing script ssao.material
00:37:05: Parsing script picker.material
00:37:05: Parsing script deferred_post.material
00:37:05: Parsing script deferred_post_minilight.material
00:37:05: Parsing script VPL.material
00:37:05: Parsing script oculus.material
00:37:05: Parsing script deferred.compositor
00:37:05: Parsing script ssao.compositor
00:37:05: Parsing script noise.compositor
00:37:05: Parsing script distortion.compositor
00:37:05: Parsing script blur.compositor
00:37:05: Parsing script WideCameraLensMap.compositor
00:37:05: Parsing script lens_flare.compositor
00:37:05: Finished parsing scripts for resource group General
00:37:05: Creating resources for group General
00:37:05: All done
00:37:05: Parsing scripts for resource group Imagesets
00:37:05: Finished parsing scripts for resource group Imagesets
00:37:05: Creating resources for group Imagesets
00:37:05: All done
00:37:05: Parsing scripts for resource group Internal
00:37:05: Finished parsing scripts for resource group Internal
00:37:05: Creating resources for group Internal
00:37:05: All done
00:37:05: Parsing scripts for resource group Layouts
00:37:05: Finished parsing scripts for resource group Layouts
00:37:05: Creating resources for group Layouts
00:37:05: All done
00:37:05: Parsing scripts for resource group LookNFeel
00:37:05: Finished parsing scripts for resource group LookNFeel
00:37:05: Creating resources for group LookNFeel
00:37:05: All done
00:37:05: Parsing scripts for resource group Schemes
00:37:05: Finished parsing scripts for resource group Schemes
00:37:05: Creating resources for group Schemes
00:37:05: All done
00:37:05: Parsing scripts for resource group SkyX
00:37:05: Parsing script SkyX.material
00:37:05: Finished parsing scripts for resource group SkyX
00:37:05: Creating resources for group SkyX
00:37:05: All done
00:37:05: Added resource location '/usr/share/gazebo-9/media/rtshaderlib/' of type 'FileSystem' to resource group 'General'
00:37:05: Creating resource group ShaderGeneratorResourceGroup
00:37:05: Added resource location '/tmp/gazebo-alejandro-rtshaderlibcache/' of type 'FileSystem' to resource group 'ShaderGeneratorResourceGroup'
00:37:09: Texture: SkyX_Starfield.png: Loading 1 faces(PF_A8R8G8B8,512x512x1) with 5 hardware generated mipmaps from Image. Internal format is PF_A8R8G8B8,512x512x1.
00:37:09: Texture: SkyX_Moon.png: Loading 1 faces(PF_A8R8G8B8,512x512x1) with 5 hardware generated mipmaps from Image. Internal format is PF_A8R8G8B8,512x512x1.
00:37:09: Texture: SkyX_MoonHalo.png: Loading 1 faces(PF_SHORT_RGBA,512x256x1) with 5 hardware generated mipmaps from Image. Internal format is PF_SHORT_RGBA,512x256x1.
00:37:10: Texture: Noise.jpg: Loading 1 faces(PF_R8G8B8,1024x1024x1) with 5 hardware generated mipmaps from Image. Internal format is PF_X8R8G8B8,1024x1024x1.
00:37:10: Texture: road1.jpg: Loading 1 faces(PF_R8G8B8,1024x1024x1) with 5 hardware generated mipmaps from Image. Internal format is PF_X8R8G8B8,1024x1024x1.
00:37:12: Added resource location '/home/alejandro/catkin_ws/src/tum_simulator_melodic/cvg_sim_gazebo/meshes/quadrotor' of type 'FileSystem' to resource group 'General' with recursive option
00:37:12: Initialising resource group General
00:37:12: Added resource location '/opt/ros/melodic/share/velodyne_description/meshes' of type 'FileSystem' to resource group 'General' with recursive option
00:37:12: Initialising resource group General
00:37:12: Added resource location '/home/alejandro/catkin_ws/src/tum_simulator_melodic/cvg_sim_gazebo/meshes/sonar_sensor' of type 'FileSystem' to resource group 'General' with recursive option
00:37:12: Initialising resource group General
00:37:12: Texture: spot_shadow_fade.png: Loading 1 faces(PF_R8G8B8,128x128x1) with 5 hardware generated mipmaps from Image. Internal format is PF_X8R8G8B8,128x128x1.
00:37:13: Added resource location '/home/alejandro/.gazebo/models/pier/meshes' of type 'FileSystem' to resource group 'General' with recursive option
00:37:13: Initialising resource group General
00:37:13: Added resource location '/home/alejandro/.gazebo/models/pier/meshes/../materials/textures' of type 'FileSystem' to resource group 'General' with recursive option
00:37:13: Initialising resource group General
00:37:13: Texture: /home/alejandro/.gazebo/models/pier/meshes/../materials/textures/pier_diffuse.jpg: Loading 1 faces(PF_R8G8B8,1024x1024x1) with 5 hardware generated mipmaps from Image. Internal format is PF_X8R8G8B8,1024x1024x1.
00:37:13: Added resource location '/home/alejandro/.gazebo/models/suv/meshes/' of type 'FileSystem' to resource group 'General' with recursive option
00:37:13: Initialising resource group General
00:37:13: Added resource location '/home/alejandro/.gazebo/models/suv/meshes//../materials/textures' of type 'FileSystem' to resource group 'General' with recursive option
00:37:13: Initialising resource group General
00:37:13: Texture: /home/alejandro/.gazebo/models/suv/meshes//../materials/textures/suv.png: Loading 1 faces(PF_A8R8G8B8,1024x1024x1) with 5 hardware generated mipmaps from Image. Internal format is PF_A8R8G8B8,1024x1024x1.
00:37:13: Texture: /home/alejandro/.gazebo/models/suv/meshes//../materials/textures/wheels_01.png: Loading 1 faces(PF_R8G8B8,1024x1024x1) with 5 hardware generated mipmaps from Image. Internal format is PF_X8R8G8B8,1024x1024x1.
00:37:13: Added resource location '/home/alejandro/.gazebo/models/salon/meshes' of type 'FileSystem' to resource group 'General' with recursive option
00:37:13: Initialising resource group General
00:37:13: Added resource location '/home/alejandro/.gazebo/models/salon/meshes/../materials/textures' of type 'FileSystem' to resource group 'General' with recursive option
00:37:13: Initialising resource group General
00:37:13: Texture: /home/alejandro/.gazebo/models/salon/meshes/../materials/textures/salon_diffuse.jpg: Loading 1 faces(PF_R8G8B8,1024x1024x1) with 5 hardware generated mipmaps from Image. Internal format is PF_X8R8G8B8,1024x1024x1.
00:37:13: Added resource location '/home/alejandro/.gazebo/models/gazebo/meshes' of type 'FileSystem' to resource group 'General' with recursive option
00:37:13: Initialising resource group General
00:37:13: Added resource location '/home/alejandro/.gazebo/models/gazebo/meshes/../materials/textures' of type 'FileSystem' to resource group 'General' with recursive option
00:37:13: Initialising resource group General
00:37:13: Texture: /home/alejandro/.gazebo/models/gazebo/meshes/../materials/textures/gazebo_diffuse.jpg: Loading 1 faces(PF_R8G8B8,1024x1024x1) with 5 hardware generated mipmaps from Image. Internal format is PF_X8R8G8B8,1024x1024x1.
00:37:13: Added resource location '/home/alejandro/.gazebo/models/oak_tree/meshes' of type 'FileSystem' to resource group 'General' with recursive option
00:37:13: Initialising resource group General
00:37:13: Added resource location '/home/alejandro/.gazebo/models/oak_tree/materials/scripts/' of type 'FileSystem' to resource group 'General' with recursive option
00:37:13: Initialising resource group General
00:37:13: Added resource location '/home/alejandro/.gazebo/models/oak_tree/materials/textures/' of type 'FileSystem' to resource group 'General' with recursive option
00:37:13: Initialising resource group General
00:37:13: Texture: bark_diffuse.png: Loading 1 faces(PF_A8R8G8B8,256x256x1) with 5 hardware generated mipmaps from Image. Internal format is PF_A8R8G8B8,256x256x1.
00:37:13: Added resource location '/home/alejandro/.gazebo/models/pine_tree/meshes' of type 'FileSystem' to resource group 'General' with recursive option
00:37:13: Initialising resource group General
00:37:13: Added resource location '/home/alejandro/.gazebo/models/pine_tree/materials/scripts/' of type 'FileSystem' to resource group 'General' with recursive option
00:37:13: Initialising resource group General
00:37:13: Added resource location '/home/alejandro/.gazebo/models/pine_tree/materials/textures/' of type 'FileSystem' to resource group 'General' with recursive option
00:37:13: Initialising resource group General
00:37:13: Added resource location '/home/alejandro/.gazebo/models/house_1/meshes' of type 'FileSystem' to resource group 'General' with recursive option
00:37:13: Initialising resource group General
00:37:13: Added resource location '/home/alejandro/.gazebo/models/house_1/materials/scripts' of type 'FileSystem' to resource group 'General' with recursive option
00:37:13: Initialising resource group General
00:37:13: Added resource location '/home/alejandro/.gazebo/models/house_1/materials/textures' of type 'FileSystem' to resource group 'General' with recursive option
00:37:13: Initialising resource group General
00:37:13: Texture: House_1_Diffuse.png: Loading 1 faces(PF_R8G8B8,1024x1024x1) with 5 hardware generated mipmaps from Image. Internal format is PF_X8R8G8B8,1024x1024x1.
00:37:13: Added resource location '/home/alejandro/.gazebo/models/house_3/meshes' of type 'FileSystem' to resource group 'General' with recursive option
00:37:13: Initialising resource group General
00:37:13: Added resource location '/home/alejandro/.gazebo/models/house_3/materials/scripts' of type 'FileSystem' to resource group 'General' with recursive option
00:37:13: Initialising resource group General
00:37:13: Added resource location '/home/alejandro/.gazebo/models/house_3/materials/textures' of type 'FileSystem' to resource group 'General' with recursive option
00:37:13: Initialising resource group General
00:37:13: Texture: House_3_Diffuse.png: Loading 1 faces(PF_R8G8B8,1024x1024x1) with 5 hardware generated mipmaps from Image. Internal format is PF_X8R8G8B8,1024x1024x1.
00:37:13: Added resource location '/home/alejandro/.gazebo/models/house_2/meshes' of type 'FileSystem' to resource group 'General' with recursive option
00:37:13: Initialising resource group General
00:37:13: Added resource location '/home/alejandro/.gazebo/models/house_2/materials/scripts' of type 'FileSystem' to resource group 'General' with recursive option
00:37:13: Initialising resource group General
00:37:13: Added resource location '/home/alejandro/.gazebo/models/house_2/materials/textures' of type 'FileSystem' to resource group 'General' with recursive option
00:37:13: Initialising resource group General
00:37:13: Texture: House_2_Diffuse.png: Loading 1 faces(PF_R8G8B8,1024x1024x1) with 5 hardware generated mipmaps from Image. Internal format is PF_X8R8G8B8,1024x1024x1.
00:37:13: Added resource location '/home/alejandro/.gazebo/models/postbox/meshes' of type 'FileSystem' to resource group 'General' with recursive option
00:37:13: Initialising resource group General
00:37:13: Added resource location '/home/alejandro/.gazebo/models/postbox/meshes/../materials/textures' of type 'FileSystem' to resource group 'General' with recursive option
00:37:13: Initialising resource group General
00:37:13: Texture: /home/alejandro/.gazebo/models/postbox/meshes/../materials/textures/postbox_diffuse.jpg: Loading 1 faces(PF_R8G8B8,512x512x1) with 5 hardware generated mipmaps from Image. Internal format is PF_X8R8G8B8,512x512x1.
00:37:13: Added resource location '/home/alejandro/.gazebo/models/pickup/meshes' of type 'FileSystem' to resource group 'General' with recursive option
00:37:13: Initialising resource group General
00:37:13: Added resource location '/home/alejandro/.gazebo/models/pickup/meshes/../materials/textures' of type 'FileSystem' to resource group 'General' with recursive option
00:37:13: Initialising resource group General
00:37:13: Texture: /home/alejandro/.gazebo/models/pickup/meshes/../materials/textures/pickup_diffuse.jpg: Loading 1 faces(PF_R8G8B8,1024x1024x1) with 5 hardware generated mipmaps from Image. Internal format is PF_X8R8G8B8,1024x1024x1.
00:37:13: Texture: /home/alejandro/.gazebo/models/pickup/meshes/../materials/textures/wheels2.jpg: Loading 1 faces(PF_R8G8B8,512x512x1) with 5 hardware generated mipmaps from Image. Internal format is PF_X8R8G8B8,512x512x1.
00:37:13: Added resource location '/home/alejandro/.gazebo/models/ocean/materials/scripts' of type 'FileSystem' to resource group 'General' with recursive option
00:37:13: Initialising resource group General
00:37:13: Compiler error: invalid parameters in /home/alejandro/.gazebo/models/ocean/materials/scripts/ocean.material(32): anistropic not supported as first argument (must be "none", "bilinear", "trilinear", or "anisotropic")
00:37:13: Added resource location '/home/alejandro/.gazebo/models/fountain/meshes' of type 'FileSystem' to resource group 'General' with recursive option
00:37:13: Initialising resource group General
00:37:13: Added resource location '/home/alejandro/.gazebo/models/fountain/meshes/../materials/textures' of type 'FileSystem' to resource group 'General' with recursive option
00:37:13: Initialising resource group General
00:37:13: Texture: /home/alejandro/.gazebo/models/fountain/meshes/../materials/textures/fountain_diffuse.jpg: Loading 1 faces(PF_R8G8B8,512x512x1) with 5 hardware generated mipmaps from Image. Internal format is PF_X8R8G8B8,512x512x1.
00:37:13: Texture: branch_diffuse.png: Loading 1 faces(PF_A8R8G8B8,128x128x1) with 5 hardware generated mipmaps from Image. Internal format is PF_A8R8G8B8,128x128x1.
00:37:13: Added resource location '/home/alejandro/.gazebo/models/dumpster/meshes' of type 'FileSystem' to resource group 'General' with recursive option
00:37:13: Initialising resource group General
00:37:13: Added resource location '/home/alejandro/.gazebo/models/dumpster/materials/scripts' of type 'FileSystem' to resource group 'General' with recursive option
00:37:13: Initialising resource group General
00:37:13: Added resource location '/home/alejandro/.gazebo/models/dumpster/materials/textures' of type 'FileSystem' to resource group 'General' with recursive option
00:37:13: Initialising resource group General
00:37:13: Texture: Dumpster_Diffuse.png: Loading 1 faces(PF_R8G8B8,1024x1024x1) with 5 hardware generated mipmaps from Image. Internal format is PF_X8R8G8B8,1024x1024x1.
00:37:13: Texture: branch_2_diffuse.png: Loading 1 faces(PF_A8R8G8B8,512x512x1) with 5 hardware generated mipmaps from Image. Internal format is PF_A8R8G8B8,512x512x1.
00:37:13: Added resource location '/home/alejandro/.gazebo/models/ambulance/meshes/' of type 'FileSystem' to resource group 'General' with recursive option
00:37:13: Initialising resource group General
00:37:13: Added resource location '/home/alejandro/.gazebo/models/ambulance/meshes//../materials/textures' of type 'FileSystem' to resource group 'General' with recursive option
00:37:13: Initialising resource group General
00:37:13: Added resource location '/home/alejandro/.gazebo/models/suv/materials/textures' of type 'FileSystem' to resource group 'General' with recursive option
00:37:13: Initialising resource group General
00:37:13: Texture: /home/alejandro/.gazebo/models/ambulance/meshes//../materials/textures/ambulance.png: Loading 1 faces(PF_R8G8B8,1024x1024x1) with 5 hardware generated mipmaps from Image. Internal format is PF_X8R8G8B8,1024x1024x1.
00:37:13: Texture: /home/alejandro/.gazebo/models/suv/materials/textures/wheels_01.png: Loading 1 faces(PF_R8G8B8,1024x1024x1) with 5 hardware generated mipmaps from Image. Internal format is PF_X8R8G8B8,1024x1024x1.
00:37:13: Added resource location '/home/alejandro/.gazebo/models/apartment/meshes' of type 'FileSystem' to resource group 'General' with recursive option
00:37:13: Initialising resource group General
00:37:13: Added resource location '/home/alejandro/.gazebo/models/apartment/meshes/../materials/textures' of type 'FileSystem' to resource group 'General' with recursive option
00:37:13: Initialising resource group General
00:37:13: Texture: /home/alejandro/.gazebo/models/apartment/meshes/../materials/textures/apartment_diffuse.jpg: Loading 1 faces(PF_R8G8B8,1024x1024x1) with 5 hardware generated mipmaps from Image. Internal format is PF_X8R8G8B8,1024x1024x1.
00:37:13: Added resource location '/home/alejandro/.gazebo/models/fast_food/meshes' of type 'FileSystem' to resource group 'General' with recursive option
00:37:13: Initialising resource group General
00:37:13: Added resource location '/home/alejandro/.gazebo/models/fast_food/materials/scripts' of type 'FileSystem' to resource group 'General' with recursive option
00:37:13: Initialising resource group General
00:37:13: Added resource location '/home/alejandro/.gazebo/models/fast_food/materials/textures' of type 'FileSystem' to resource group 'General' with recursive option
00:37:13: Initialising resource group General
00:37:14: Texture: FastFood_Diffuse.png: Loading 1 faces(PF_R8G8B8,1024x1024x1) with 5 hardware generated mipmaps from Image. Internal format is PF_X8R8G8B8,1024x1024x1.
00:37:14: Added resource location '/home/alejandro/.gazebo/models/law_office/meshes' of type 'FileSystem' to resource group 'General' with recursive option
00:37:14: Initialising resource group General
00:37:14: Added resource location '/home/alejandro/.gazebo/models/law_office/meshes/../materials/textures' of type 'FileSystem' to resource group 'General' with recursive option
00:37:14: Initialising resource group General
00:37:14: Texture: /home/alejandro/.gazebo/models/law_office/meshes/../materials/textures/law_office_diffuse.jpg: Loading 1 faces(PF_R8G8B8,1024x1024x1) with 5 hardware generated mipmaps from Image. Internal format is PF_X8R8G8B8,1024x1024x1.
00:37:14: Added resource location '/home/alejandro/.gazebo/models/stop_sign/meshes' of type 'FileSystem' to resource group 'General' with recursive option
00:37:14: Initialising resource group General
00:37:14: Added resource location '/home/alejandro/.gazebo/models/stop_sign/materials/scripts' of type 'FileSystem' to resource group 'General' with recursive option
00:37:14: Initialising resource group General
00:37:14: Added resource location '/home/alejandro/.gazebo/models/stop_sign/materials/textures' of type 'FileSystem' to resource group 'General' with recursive option
00:37:14: Initialising resource group General
00:37:14: Texture: StopSign_Diffuse.png: Loading 1 faces(PF_R8G8B8,512x512x1) with 5 hardware generated mipmaps from Image. Internal format is PF_X8R8G8B8,512x512x1.
00:37:14: Added resource location '/home/alejandro/.gazebo/models/lamp_post/meshes' of type 'FileSystem' to resource group 'General' with recursive option
00:37:14: Initialising resource group General
00:37:14: Added resource location '/home/alejandro/.gazebo/models/lamp_post/meshes/../materials/textures' of type 'FileSystem' to resource group 'General' with recursive option
00:37:14: Initialising resource group General
00:37:14: Texture: /home/alejandro/.gazebo/models/lamp_post/meshes/../materials/textures/Lamp_Post_Diffuse.png: Loading 1 faces(PF_A8R8G8B8,1024x1024x1) with 5 hardware generated mipmaps from Image. Internal format is PF_A8R8G8B8,1024x1024x1.
00:37:14: Added resource location '/home/alejandro/.gazebo/models/hatchback/meshes/' of type 'FileSystem' to resource group 'General' with recursive option
00:37:14: Initialising resource group General
00:37:14: Added resource location '/home/alejandro/.gazebo/models/hatchback/meshes//../materials/textures' of type 'FileSystem' to resource group 'General' with recursive option
00:37:14: Initialising resource group General
00:37:14: Added resource location '/home/alejandro/.gazebo/models/hatchback/materials/textures' of type 'FileSystem' to resource group 'General' with recursive option
00:37:14: Initialising resource group General
00:37:14: Texture: /home/alejandro/.gazebo/models/hatchback/meshes//../materials/textures/hatchback.png: Loading 1 faces(PF_A8R8G8B8,1024x1024x1) with 5 hardware generated mipmaps from Image. Internal format is PF_A8R8G8B8,1024x1024x1.
00:37:14: Texture: /home/alejandro/.gazebo/models/hatchback/materials/textures/wheels3.png: Loading 1 faces(PF_A8R8G8B8,512x512x1) with 5 hardware generated mipmaps from Image. Internal format is PF_A8R8G8B8,512x512x1.
00:37:14: Added resource location '/home/alejandro/.gazebo/models/ocean/materials/textures' of type 'FileSystem' to resource group 'General' with recursive option
00:37:14: Initialising resource group General
00:37:14: Added resource location '/home/alejandro/.gazebo/models/city_terrain/materials/textures' of type 'FileSystem' to resource group 'General' with recursive option
00:37:14: Initialising resource group General
00:37:14: Added resource location '/home/alejandro/.gazebo/paging' of type 'FileSystem' to resource group 'General' with recursive option
00:37:14: Initialising resource group General
00:37:14: Terrain created; size=513 minBatch=17 maxBatch=65 treeDepth=4 lodLevels=6 leafLods=3
00:37:14: Texture: /home/alejandro/.gazebo/models/ocean/materials/textures/soil_sand_0045_01.jpg: Loading 1 faces(PF_R8G8B8,3264x2448x1) with 5 hardware generated mipmaps from Image. Internal format is PF_X8R8G8B8,3264x2448x1.
00:37:14: Texture: /usr/share/gazebo-9/media/materials/textures/flat_normal.png: Loading 1 faces(PF_A8R8G8B8,1024x1024x1) with 5 hardware generated mipmaps from Image. Internal format is PF_A8R8G8B8,1024x1024x1.
00:37:14: Texture: /home/alejandro/.gazebo/models/city_terrain/materials/textures/forest.jpg: Loading 1 faces(PF_R8G8B8,3264x2448x1) with 5 hardware generated mipmaps from Image. Internal format is PF_X8R8G8B8,3264x2448x1.
00:37:15: Added resource location '/home/alejandro/.gazebo/models/gas_station/meshes' of type 'FileSystem' to resource group 'General' with recursive option
00:37:15: Initialising resource group General
00:37:15: Added resource location '/home/alejandro/.gazebo/models/gas_station/materials/scripts' of type 'FileSystem' to resource group 'General' with recursive option
00:37:15: Initialising resource group General
00:37:15: Added resource location '/home/alejandro/.gazebo/models/gas_station/materials/textures' of type 'FileSystem' to resource group 'General' with recursive option
00:37:15: Initialising resource group General
00:37:15: Texture: GasStation_Diffuse.png: Loading 1 faces(PF_A8R8G8B8,1024x1024x1) with 5 hardware generated mipmaps from Image. Internal format is PF_A8R8G8B8,1024x1024x1.
00:37:15: Added resource location '/home/alejandro/.gazebo/models/thrift_shop/meshes' of type 'FileSystem' to resource group 'General' with recursive option
00:37:15: Initialising resource group General
00:37:15: Added resource location '/home/alejandro/.gazebo/models/thrift_shop/meshes/../materials/textures' of type 'FileSystem' to resource group 'General' with recursive option
00:37:15: Initialising resource group General
00:37:15: Texture: /home/alejandro/.gazebo/models/thrift_shop/meshes/../materials/textures/thrift_shop_diffuse.jpg: Loading 1 faces(PF_R8G8B8,1024x1024x1) with 5 hardware generated mipmaps from Image. Internal format is PF_X8R8G8B8,1024x1024x1.
00:37:15: Added resource location '/home/alejandro/.gazebo/models/fire_hydrant/meshes' of type 'FileSystem' to resource group 'General' with recursive option
00:37:15: Initialising resource group General
00:37:15: Added resource location '/home/alejandro/.gazebo/models/fire_hydrant/meshes/../materials/textures' of type 'FileSystem' to resource group 'General' with recursive option
00:37:15: Initialising resource group General
00:37:15: Texture: /home/alejandro/.gazebo/models/fire_hydrant/meshes/../materials/textures/fire_hydrant_diffuse.png: Loading 1 faces(PF_R8G8B8,512x512x1) with 5 hardware generated mipmaps from Image. Internal format is PF_X8R8G8B8,512x512x1.
00:37:15: Added resource location '/home/alejandro/.gazebo/models/radio_tower/meshes' of type 'FileSystem' to resource group 'General' with recursive option
00:37:15: Initialising resource group General
00:37:15: Added resource location '/home/alejandro/.gazebo/models/radio_tower/meshes/../materials/textures' of type 'FileSystem' to resource group 'General' with recursive option
00:37:15: Initialising resource group General
00:37:15: Texture: /home/alejandro/.gazebo/models/radio_tower/meshes/../materials/textures/radio_tower_diffuse.jpg: Loading 1 faces(PF_R8G8B8,1024x1024x1) with 5 hardware generated mipmaps from Image. Internal format is PF_X8R8G8B8,1024x1024x1.
00:37:15: Added resource location '/home/alejandro/.gazebo/models/post_office/meshes' of type 'FileSystem' to resource group 'General' with recursive option
00:37:15: Initialising resource group General
00:37:15: Added resource location '/home/alejandro/.gazebo/models/post_office/meshes/../materials/textures' of type 'FileSystem' to resource group 'General' with recursive option
00:37:15: Initialising resource group General
00:37:15: Texture: /home/alejandro/.gazebo/models/post_office/meshes/../materials/textures/post_office_diffuse.jpg: Loading 1 faces(PF_R8G8B8,1024x1024x1) with 5 hardware generated mipmaps from Image. Internal format is PF_X8R8G8B8,1024x1024x1.
00:37:15: Added resource location '/home/alejandro/.gazebo/models/asphalt_plane/materials/scripts' of type 'FileSystem' to resource group 'General' with recursive option
00:37:15: Initialising resource group General
00:37:15: Compiler error: invalid parameters in /home/alejandro/.gazebo/models/asphalt_plane/materials/scripts/asphalt.material(14): anistropic not supported as first argument (must be "none", "bilinear", "trilinear", or "anisotropic")
00:37:15: Added resource location '/home/alejandro/.gazebo/models/asphalt_plane/materials/textures' of type 'FileSystem' to resource group 'General' with recursive option
00:37:15: Initialising resource group General
00:37:15: Texture: tarmac.png: Loading 1 faces(PF_R8G8B8,1024x1024x1) with 5 hardware generated mipmaps from Image. Internal format is PF_X8R8G8B8,1024x1024x1.
00:37:15: Added resource location '/home/alejandro/.gazebo/models/hatchback_red/meshes/' of type 'FileSystem' to resource group 'General' with recursive option
00:37:15: Initialising resource group General
00:37:15: Added resource location '/home/alejandro/.gazebo/models/hatchback_red/meshes//../materials/textures' of type 'FileSystem' to resource group 'General' with recursive option
00:37:15: Initialising resource group General
00:37:15: Texture: /home/alejandro/.gazebo/models/hatchback_red/meshes//../materials/textures/hatchback.png: Loading 1 faces(PF_A8R8G8B8,1024x1024x1) with 5 hardware generated mipmaps from Image. Internal format is PF_A8R8G8B8,1024x1024x1.
00:37:15: Added resource location '/home/alejandro/.gazebo/models/truss_bridge/meshes' of type 'FileSystem' to resource group 'General' with recursive option
00:37:15: Initialising resource group General
00:37:15: Added resource location '/home/alejandro/.gazebo/models/truss_bridge/meshes/../materials/textures' of type 'FileSystem' to resource group 'General' with recursive option
00:37:15: Initialising resource group General
00:37:15: Texture: /home/alejandro/.gazebo/models/truss_bridge/meshes/../materials/textures/truss_bridge_diffuse.jpg: Loading 1 faces(PF_R8G8B8,1024x1024x1) with 5 hardware generated mipmaps from Image. Internal format is PF_X8R8G8B8,1024x1024x1.
00:37:15: Added resource location '/home/alejandro/.gazebo/models/cardboard_box/meshes' of type 'FileSystem' to resource group 'General' with recursive option
00:37:15: Initialising resource group General
00:37:15: Added resource location '/home/alejandro/.gazebo/models/cardboard_box/meshes/../materials/textures' of type 'FileSystem' to resource group 'General' with recursive option
00:37:15: Initialising resource group General
00:37:15: Texture: /home/alejandro/.gazebo/models/cardboard_box/meshes/../materials/textures/cardboard_box.png: Loading 1 faces(PF_A8R8G8B8,512x512x1) with 5 hardware generated mipmaps from Image. Internal format is PF_A8R8G8B8,512x512x1.
00:37:15: Added resource location '/home/alejandro/.gazebo/models/stop_light_post/meshes/' of type 'FileSystem' to resource group 'General' with recursive option
00:37:15: Initialising resource group General
00:37:15: Added resource location '/home/alejandro/.gazebo/models/stop_light_post/meshes//../materials/textures' of type 'FileSystem' to resource group 'General' with recursive option
00:37:15: Initialising resource group General
00:37:15: Texture: /home/alejandro/.gazebo/models/stop_light_post/meshes//../materials/textures/stop_light.png: Loading 1 faces(PF_R8G8B8,1024x1024x1) with 5 hardware generated mipmaps from Image. Internal format is PF_X8R8G8B8,1024x1024x1.
00:37:15: Added resource location '/home/alejandro/.gazebo/models/ocean' of type 'FileSystem' to resource group 'General' with recursive option
00:37:15: Initialising resource group General
00:37:15: Texture: ../textures/normals.dds: Loading 1 faces(PF_R8G8B8,256x256x1) with 8 custom mipmaps from Image. Internal format is PF_X8R8G8B8,256x256x1.
00:37:15: Texture: ../textures/clouds.jpg: Loading 6 faces(PF_R8G8B8,512x512x1) with 5 hardware generated mipmaps from multiple Images. Internal format is PF_X8R8G8B8,512x512x1.
00:37:15: Added resource location '/home/alejandro/.gazebo/models/telephone_pole/meshes' of type 'FileSystem' to resource group 'General' with recursive option
00:37:15: Initialising resource group General
00:37:15: Added resource location '/home/alejandro/.gazebo/models/telephone_pole/meshes/../materials/textures' of type 'FileSystem' to resource group 'General' with recursive option
00:37:15: Initialising resource group General
00:37:15: Texture: /home/alejandro/.gazebo/models/telephone_pole/meshes/../materials/textures/telephone_pole_wood_diffuse.jpg: Loading 1 faces(PF_R8G8B8,512x512x1) with 5 hardware generated mipmaps from Image. Internal format is PF_X8R8G8B8,512x512x1.
00:37:15: Texture: /home/alejandro/.gazebo/models/telephone_pole/meshes/../materials/textures/telephone_pole_metal_diffuse.jpg: Loading 1 faces(PF_R8G8B8,64x64x1) with 5 hardware generated mipmaps from Image. Internal format is PF_X8R8G8B8,64x64x1.
00:37:15: Added resource location '/home/alejandro/.gazebo/models/hatchback_blue/meshes/' of type 'FileSystem' to resource group 'General' with recursive option
00:37:15: Initialising resource group General
00:37:15: Added resource location '/home/alejandro/.gazebo/models/hatchback_blue/meshes//../materials/textures' of type 'FileSystem' to resource group 'General' with recursive option
00:37:15: Initialising resource group General
00:37:15: Texture: /home/alejandro/.gazebo/models/hatchback_blue/meshes//../materials/textures/hatchback.png: Loading 1 faces(PF_A8R8G8B8,1024x1024x1) with 5 hardware generated mipmaps from Image. Internal format is PF_A8R8G8B8,1024x1024x1.
00:37:15: Added resource location '/home/alejandro/.gazebo/models/osrf_first_office/meshes' of type 'FileSystem' to resource group 'General' with recursive option
00:37:15: Initialising resource group General
00:37:15: Added resource location '/home/alejandro/.gazebo/models/osrf_first_office/meshes/../materials/textures' of type 'FileSystem' to resource group 'General' with recursive option
00:37:15: Initialising resource group General
00:37:15: Texture: /home/alejandro/.gazebo/models/osrf_first_office/meshes/../materials/textures/osrf_first_office_diffuse.jpg: Loading 1 faces(PF_R8G8B8,1024x1024x1) with 5 hardware generated mipmaps from Image. Internal format is PF_X8R8G8B8,1024x1024x1.
00:37:15: Added resource location '/home/alejandro/.gazebo/models/stop_light/materials/scripts/' of type 'FileSystem' to resource group 'General' with recursive option
00:37:15: Initialising resource group General
00:37:15: Added resource location '/home/alejandro/.gazebo/models/stop_light/materials/textures/' of type 'FileSystem' to resource group 'General' with recursive option
00:37:15: Initialising resource group General
00:37:15: Texture: greyscale_light.png: Loading 1 faces(PF_A8R8G8B8,301x225x1) with 5 hardware generated mipmaps from Image. Internal format is PF_A8R8G8B8,301x225x1.
00:37:16: Added resource location '/home/alejandro/.gazebo/models/stop_light/meshes/' of type 'FileSystem' to resource group 'General' with recursive option
00:37:16: Initialising resource group General
00:37:16: Added resource location '/home/alejandro/.gazebo/models/stop_light/meshes//../materials/textures' of type 'FileSystem' to resource group 'General' with recursive option
00:37:16: Initialising resource group General
00:37:16: Texture: /home/alejandro/.gazebo/models/stop_light/meshes//../materials/textures/stop_light.png: Loading 1 faces(PF_R8G8B8,1024x1024x1) with 5 hardware generated mipmaps from Image. Internal format is PF_X8R8G8B8,1024x1024x1.
00:37:16: Texture: FastFood_Normal.png: Loading 1 faces(PF_R8G8B8,1024x1024x1) with 5 hardware generated mipmaps from Image. Internal format is PF_X8R8G8B8,1024x1024x1.
00:37:16: Texture: House_1_Normal.png: Loading 1 faces(PF_R8G8B8,1024x1024x1) with 5 hardware generated mipmaps from Image. Internal format is PF_X8R8G8B8,1024x1024x1.
00:37:16: Texture: /home/alejandro/.gazebo/models/house_1/materials/textures/House_1_Normal.png: Loading 1 faces(PF_R8G8B8,1024x1024x1) with 5 hardware generated mipmaps from Image. Internal format is PF_X8R8G8B8,1024x1024x1.
37:13: Texture: House_1_Normal.png: Loading 1 faces(PF_R8G8B8,1024x1024x1) with 5 hardware generated mipmaps from Image. Internal format is PF_X8R8G8B8,1024x1024x1.
00:37:13: Texture: FastFood_Normal.png: Loading 1 faces(PF_R8G8B8,1024x1024x1) with 5 hardware generated mipmaps from Image. Internal format is PF_X8R8G8B8,1024x1024x1.
00:37:13: Texture: /home/alejandro/.gazebo/models/house_1/materials/textures/House_1_Normal.png: Loading 1 faces(PF_R8G8B8,1024x1024x1) with 5 hardware generated mipmaps from Image. Internal format is PF_X8R8G8B8,1024x1024x1.
00:37:13: Using FSAA from GL_ARB_multisample extension.
